<?xml version="1.0" encoding="UTF-8"?>
<!-- Generated by org.testng.reporters.JUnitReportReporter -->
<testsuite hostname="3101LA00041" failures="0" tests="1" name="io.ctdev.AppTest" time="0.006" errors="0" timestamp="18 Aug 2020 19:50:36 GMT" skipped="0">
  <testcase classname="io.ctdev.AppTest" name="shouldAnswerWithTrue" time="0.006"/>
</testsuite> <!-- io.ctdev.AppTest -->
